<?xml version="1.0" encoding="UTF-8"?>
<testng-results ignored="0" total="1" passed="1" failed="0" skipped="0">
  <reporter-output>
  </reporter-output>
  <suite started-at="2026-06-07T15:44:22 IST" name="Default suite" finished-at="2026-06-07T15:45:24 IST" duration-ms="61955">
    <groups>
    </groups>
    <test started-at="2026-06-07T15:44:22 IST" name="Default test" finished-at="2026-06-07T15:45:24 IST" duration-ms="61955">
      <class name="base.Base1">
        <test-method signature="Setup()[pri:0, instance:base.Base1@76505305]" started-at="2026-06-07T15:44:22 IST" name="Setup" finished-at="2026-06-07T15:45:24 IST" duration-ms="61892" status="PASS">
          <reporter-output>
          </reporter-output>
        </test-method> <!-- Setup -->
      </class> <!-- base.Base1 -->
    </test> <!-- Default test -->
  </suite> <!-- Default suite -->
</testng-results>
